2022-12-18 18:07:45,509 INFO org.springframework.boot.StartupInfoLogger [restartedMain] Starting AgendamentoApplication using Java 11.0.16 on DESKTOP-PSVL31T with PID 20137 (/home/henio/code/java/alura/microservicos/agendamento/target/classes started by henio in /home/henio/code/java/alura/microservicos/agendamento)
2022-12-18 18:07:45,511 DEBUG org.springframework.boot.StartupInfoLogger [restartedMain] Running with Spring Boot v2.7.6, Spring v5.3.24
2022-12-18 18:07:45,516 INFO org.springframework.boot.SpringApplication [restartedMain] No active profile set, falling back to 1 default profile: "default"
2022-12-18 18:07:47,387 INFO org.springframework.data.repository.config.RepositoryConfigurationDelegate [restartedMain] Bootstrapping Spring Data JPA repositories in DEFAULT mode.
2022-12-18 18:07:47,414 INFO org.springframework.data.repository.config.RepositoryConfigurationDelegate [restartedMain] Finished Spring Data repository scanning in 22 ms. Found 2 JPA repository interfaces.
2022-12-18 18:07:48,045 INFO org.springframework.cloud.context.scope.GenericScope [restartedMain] BeanFactory id=0915e500-46a8-35ca-bc08-24ec241889cf
2022-12-18 18:07:48,418 INFO org.springframework.boot.web.embedded.tomcat.TomcatWebServer [restartedMain] Tomcat initialized with port(s): 0 (http)
2022-12-18 18:07:48,425 INFO org.apache.juli.logging.DirectJDKLog [restartedMain] Starting service [Tomcat]
2022-12-18 18:07:48,425 INFO org.apache.juli.logging.DirectJDKLog [restartedMain] Starting Servlet engine: [Apache Tomcat/9.0.69]
2022-12-18 18:07:48,447 INFO org.apache.juli.logging.DirectJDKLog [restartedMain] Initializing Spring embedded WebApplicationContext
2022-12-18 18:07:48,447 INFO org.springframework.boot.web.servlet.context.ServletWebServerApplicationContext [restartedMain] Root WebApplicationContext: initialization completed in 2927 ms
2022-12-18 18:07:50,310 INFO org.springframework.cloud.commons.util.InetUtils [restartedMain] Cannot determine local hostname
2022-12-18 18:07:50,972 INFO org.hibernate.jpa.internal.util.LogHelper [restartedMain] HHH000204: Processing PersistenceUnitInfo [name: default]
2022-12-18 18:07:50,991 INFO com.zaxxer.hikari.HikariDataSource [restartedMain] HikariPool-3 - Starting...
2022-12-18 18:07:51,026 INFO com.zaxxer.hikari.HikariDataSource [restartedMain] HikariPool-3 - Start completed.
2022-12-18 18:07:51,026 INFO org.hibernate.dialect.Dialect [restartedMain] HHH000400: Using dialect: org.hibernate.dialect.MariaDB106Dialect
2022-12-18 18:07:51,190 INFO org.hibernate.engine.transaction.jta.platform.internal.JtaPlatformInitiator [restartedMain] HHH000490: Using JtaPlatform implementation: [org.hibernate.engine.transaction.jta.platform.internal.NoJtaPlatform]
2022-12-18 18:07:51,192 INFO org.springframework.orm.jpa.AbstractEntityManagerFactoryBean [restartedMain] Initialized JPA EntityManagerFactory for persistence unit 'default'
2022-12-18 18:07:51,683 WARN org.springframework.boot.autoconfigure.orm.jpa.JpaBaseConfiguration$JpaWebConfiguration [restartedMain] spring.jpa.open-in-view is enabled by default. Therefore, database queries may be performed during view rendering. Explicitly configure spring.jpa.open-in-view to disable this warning
2022-12-18 18:07:51,807 INFO org.springframework.boot.devtools.autoconfigure.OptionalLiveReloadServer [restartedMain] LiveReload server is running on port 35729
2022-12-18 18:07:51,859 INFO org.springframework.cloud.openfeign.FeignClientFactoryBean [restartedMain] For 'clinica-ms' URL not provided. Will try picking an instance via load-balancing.
2022-12-18 18:07:54,334 INFO org.springframework.cloud.commons.util.InetUtils [restartedMain] Cannot determine local hostname
2022-12-18 18:07:54,365 INFO org.springframework.cloud.netflix.eureka.config.DiscoveryClientOptionalArgsConfiguration [restartedMain] Eureka HTTP Client uses RestTemplate.
2022-12-18 18:07:54,520 WARN org.springframework.cloud.loadbalancer.config.LoadBalancerCacheAutoConfiguration$LoadBalancerCaffeineWarnLogger [restartedMain] Spring Cloud LoadBalancer is currently working with the default cache. While this cache implementation is useful for development and tests, it's recommended to use Caffeine cache in production.You can switch to using Caffeine cache, by adding it and org.springframework.cache.caffeine.CaffeineCacheManager to the classpath.
2022-12-18 18:07:54,594 INFO org.springframework.boot.actuate.endpoint.web.EndpointLinksResolver [restartedMain] Exposing 1 endpoint(s) beneath base path '/actuator'
2022-12-18 18:07:54,650 INFO org.springframework.boot.web.embedded.tomcat.TomcatWebServer [restartedMain] Tomcat started on port(s): 40061 (http) with context path ''
2022-12-18 18:07:54,651 INFO org.springframework.cloud.netflix.eureka.serviceregistry.EurekaAutoServiceRegistration [restartedMain] Updating port to 40061
2022-12-18 18:07:54,653 INFO org.springframework.cloud.netflix.eureka.InstanceInfoFactory [restartedMain] Setting initial instance status as: STARTING
2022-12-18 18:07:54,658 INFO com.netflix.discovery.DiscoveryClient [restartedMain] Initializing Eureka in region us-east-1
2022-12-18 18:07:54,660 INFO com.netflix.discovery.shared.resolver.aws.ConfigClusterResolver [restartedMain] Resolving eureka endpoints via configuration
2022-12-18 18:07:54,663 INFO com.netflix.discovery.DiscoveryClient [restartedMain] Disable delta property : false
2022-12-18 18:07:54,664 INFO com.netflix.discovery.DiscoveryClient [restartedMain] Single vip registry refresh property : null
2022-12-18 18:07:54,664 INFO com.netflix.discovery.DiscoveryClient [restartedMain] Force full registry fetch : false
2022-12-18 18:07:54,665 INFO com.netflix.discovery.DiscoveryClient [restartedMain] Application is null : false
2022-12-18 18:07:54,665 INFO com.netflix.discovery.DiscoveryClient [restartedMain] Registered Applications size is zero : true
2022-12-18 18:07:54,665 INFO com.netflix.discovery.DiscoveryClient [restartedMain] Application version is -1: true
2022-12-18 18:07:54,666 INFO com.netflix.discovery.DiscoveryClient [restartedMain] Getting all instance registry info from the eureka server
2022-12-18 18:07:54,709 INFO com.netflix.discovery.DiscoveryClient [restartedMain] The response status is 200
2022-12-18 18:07:54,711 INFO com.netflix.discovery.DiscoveryClient [restartedMain] Starting heartbeat executor: renew interval is: 30
2022-12-18 18:07:54,712 INFO com.netflix.discovery.InstanceInfoReplicator [restartedMain] InstanceInfoReplicator onDemand update allowed rate per min is 4
2022-12-18 18:07:54,717 INFO com.netflix.discovery.DiscoveryClient [restartedMain] Discovery Client initialized at timestamp 1671397674717 with initial instances count: 1
2022-12-18 18:07:54,724 INFO org.springframework.cloud.netflix.eureka.serviceregistry.EurekaServiceRegistry [restartedMain] Registering application AGENDAMENTO-MS with eureka with status UP
2022-12-18 18:07:54,725 INFO com.netflix.discovery.DiscoveryClient$3 [restartedMain] Saw local status change event StatusChangeEvent [timestamp=1671397674725, current=UP, previous=STARTING]
2022-12-18 18:07:54,726 INFO com.netflix.discovery.DiscoveryClient [DiscoveryClient-InstanceInfoReplicator-0] DiscoveryClient_AGENDAMENTO-MS/agendamento-ms:2021779340: registering service...
2022-12-18 18:07:54,756 INFO com.netflix.discovery.DiscoveryClient [DiscoveryClient-InstanceInfoReplicator-0] DiscoveryClient_AGENDAMENTO-MS/agendamento-ms:2021779340 - registration status: 204
2022-12-18 18:07:55,732 INFO org.springframework.cloud.commons.util.InetUtils [restartedMain] Cannot determine local hostname
2022-12-18 18:07:55,748 INFO org.springframework.boot.StartupInfoLogger [restartedMain] Started AgendamentoApplication in 11.417 seconds (JVM running for 308.701)
2022-12-18 18:07:55,756 INFO org.springframework.boot.devtools.autoconfigure.ConditionEvaluationDeltaLoggingListener [restartedMain] Condition evaluation unchanged
2022-12-18 18:08:36,219 INFO org.apache.juli.logging.DirectJDKLog [http-nio-auto-3-exec-1] Initializing Spring DispatcherServlet 'dispatcherServlet'
2022-12-18 18:08:36,220 INFO org.springframework.web.servlet.FrameworkServlet [http-nio-auto-3-exec-1] Initializing Servlet 'dispatcherServlet'
2022-12-18 18:08:36,220 DEBUG org.springframework.web.servlet.DispatcherServlet [http-nio-auto-3-exec-1] Detected StandardServletMultipartResolver
2022-12-18 18:08:36,221 DEBUG org.springframework.web.servlet.DispatcherServlet [http-nio-auto-3-exec-1] Detected AcceptHeaderLocaleResolver
2022-12-18 18:08:36,222 DEBUG org.springframework.web.servlet.DispatcherServlet [http-nio-auto-3-exec-1] Detected FixedThemeResolver
2022-12-18 18:08:36,226 DEBUG org.springframework.web.servlet.DispatcherServlet [http-nio-auto-3-exec-1] Detected org.springframework.web.servlet.view.DefaultRequestToViewNameTranslator@6730923c
2022-12-18 18:08:36,228 DEBUG org.springframework.web.servlet.DispatcherServlet [http-nio-auto-3-exec-1] Detected org.springframework.web.servlet.support.SessionFlashMapManager@168893e3
2022-12-18 18:08:36,228 DEBUG org.springframework.web.servlet.FrameworkServlet [http-nio-auto-3-exec-1] enableLoggingRequestDetails='false': request parameters and headers will be masked to prevent unsafe logging of potentially sensitive data
2022-12-18 18:08:36,229 INFO org.springframework.web.servlet.FrameworkServlet [http-nio-auto-3-exec-1] Completed initialization in 8 ms
2022-12-18 18:08:36,230 DEBUG org.springframework.core.log.LogFormatUtils [http-nio-auto-3-exec-1] GET "/paciente/", parameters={}
2022-12-18 18:08:36,234 DEBUG br.com.agenciaapp.agendamento.controller.PacienteController [http-nio-auto-3-exec-1] obter Pacientes
2022-12-18 18:08:36,272 DEBUG org.springframework.web.servlet.FrameworkServlet [http-nio-auto-3-exec-1] Completed 200 OK
2022-12-18 18:10:36,789 DEBUG org.springframework.core.log.LogFormatUtils [http-nio-auto-3-exec-3] GET "/paciente/", parameters={}
2022-12-18 18:10:36,791 DEBUG br.com.agenciaapp.agendamento.controller.PacienteController [http-nio-auto-3-exec-3] obter Pacientes
2022-12-18 18:10:36,812 DEBUG org.springframework.web.servlet.FrameworkServlet [http-nio-auto-3-exec-3] Completed 200 OK
2022-12-18 18:12:00,911 INFO org.springframework.boot.devtools.autoconfigure.LocalDevToolsAutoConfiguration$RestartingClassPathChangeChangedEventListener [File Watcher] Restarting due to 1 class path change (0 additions, 0 deletions, 1 modification)
2022-12-18 18:12:00,913 INFO org.springframework.cloud.netflix.eureka.serviceregistry.EurekaServiceRegistry [Thread-17] Unregistering application AGENDAMENTO-MS with eureka with status DOWN
2022-12-18 18:12:00,914 INFO com.netflix.discovery.DiscoveryClient$3 [Thread-17] Saw local status change event StatusChangeEvent [timestamp=1671397920914, current=DOWN, previous=UP]
2022-12-18 18:12:00,915 INFO com.netflix.discovery.DiscoveryClient [DiscoveryClient-InstanceInfoReplicator-0] DiscoveryClient_AGENDAMENTO-MS/agendamento-ms:2021779340: registering service...
2022-12-18 18:12:00,919 INFO org.apache.juli.logging.DirectJDKLog [Thread-17] Stopping service [Tomcat]
2022-12-18 18:12:00,928 INFO com.netflix.discovery.DiscoveryClient [DiscoveryClient-InstanceInfoReplicator-0] DiscoveryClient_AGENDAMENTO-MS/agendamento-ms:2021779340 - registration status: 204
2022-12-18 18:12:00,932 INFO org.apache.juli.logging.DirectJDKLog [Thread-17] Destroying Spring FrameworkServlet 'dispatcherServlet'
2022-12-18 18:12:00,944 WARN org.apache.juli.logging.DirectJDKLog [Thread-17] The web application [ROOT] appears to have started a thread named [pool-17-thread-1] but has failed to stop it. This is very likely to create a memory leak. Stack trace of thread:
 java.base@11.0.16/jdk.internal.misc.Unsafe.park(Native Method)
 java.base@11.0.16/java.util.concurrent.locks.LockSupport.park(LockSupport.java:194)
 java.base@11.0.16/java.util.concurrent.locks.AbstractQueuedSynchronizer$ConditionObject.await(AbstractQueuedSynchronizer.java:2081)
 java.base@11.0.16/java.util.concurrent.LinkedBlockingQueue.take(LinkedBlockingQueue.java:433)
 java.base@11.0.16/java.util.concurrent.ThreadPoolExecutor.getTask(ThreadPoolExecutor.java:1054)
 java.base@11.0.16/java.util.concurrent.ThreadPoolExecutor.runWorker(ThreadPoolExecutor.java:1114)
 java.base@11.0.16/java.util.concurrent.ThreadPoolExecutor$Worker.run(ThreadPoolExecutor.java:628)
 java.base@11.0.16/java.lang.Thread.run(Thread.java:829)
2022-12-18 18:12:00,946 WARN org.apache.juli.logging.DirectJDKLog [Thread-17] The web application [ROOT] appears to have started a thread named [spring.cloud.inetutils] but has failed to stop it. This is very likely to create a memory leak. Stack trace of thread:
 java.base@11.0.16/jdk.internal.misc.Unsafe.park(Native Method)
 java.base@11.0.16/java.util.concurrent.locks.LockSupport.park(LockSupport.java:194)
 java.base@11.0.16/java.util.concurrent.locks.AbstractQueuedSynchronizer$ConditionObject.await(AbstractQueuedSynchronizer.java:2081)
 java.base@11.0.16/java.util.concurrent.LinkedBlockingQueue.take(LinkedBlockingQueue.java:433)
 java.base@11.0.16/java.util.concurrent.ThreadPoolExecutor.getTask(ThreadPoolExecutor.java:1054)
 java.base@11.0.16/java.util.concurrent.ThreadPoolExecutor.runWorker(ThreadPoolExecutor.java:1114)
 java.base@11.0.16/java.util.concurrent.ThreadPoolExecutor$Worker.run(ThreadPoolExecutor.java:628)
 java.base@11.0.16/java.lang.Thread.run(Thread.java:829)
2022-12-18 18:12:00,980 INFO org.springframework.orm.jpa.AbstractEntityManagerFactoryBean [Thread-17] Closing JPA EntityManagerFactory for persistence unit 'default'
2022-12-18 18:12:01,329 INFO com.zaxxer.hikari.HikariDataSource [Thread-17] HikariPool-3 - Shutdown initiated...
2022-12-18 18:12:01,376 INFO com.zaxxer.hikari.HikariDataSource [Thread-17] HikariPool-3 - Shutdown completed.
2022-12-18 18:12:01,378 INFO com.netflix.discovery.DiscoveryClient [Thread-17] Shutting down DiscoveryClient ...
2022-12-18 18:12:04,381 INFO com.netflix.discovery.DiscoveryClient [Thread-17] Unregistering ...
2022-12-18 18:12:04,390 INFO com.netflix.discovery.DiscoveryClient [Thread-17] DiscoveryClient_AGENDAMENTO-MS/agendamento-ms:2021779340 - deregister  status: 200
2022-12-18 18:12:04,399 INFO com.netflix.discovery.DiscoveryClient [Thread-17] Completed shut down of DiscoveryClient
2022-12-18 18:12:05,568 INFO org.springframework.boot.StartupInfoLogger [restartedMain] Starting AgendamentoApplication using Java 11.0.16 on DESKTOP-PSVL31T with PID 20137 (/home/henio/code/java/alura/microservicos/agendamento/target/classes started by henio in /home/henio/code/java/alura/microservicos/agendamento)
2022-12-18 18:12:05,569 DEBUG org.springframework.boot.StartupInfoLogger [restartedMain] Running with Spring Boot v2.7.6, Spring v5.3.24
2022-12-18 18:12:05,570 INFO org.springframework.boot.SpringApplication [restartedMain] No active profile set, falling back to 1 default profile: "default"
2022-12-18 18:12:06,179 INFO org.springframework.data.repository.config.RepositoryConfigurationDelegate [restartedMain] Bootstrapping Spring Data JPA repositories in DEFAULT mode.
2022-12-18 18:12:06,190 INFO org.springframework.data.repository.config.RepositoryConfigurationDelegate [restartedMain] Finished Spring Data repository scanning in 10 ms. Found 2 JPA repository interfaces.
2022-12-18 18:12:06,389 INFO org.springframework.cloud.context.scope.GenericScope [restartedMain] BeanFactory id=0915e500-46a8-35ca-bc08-24ec241889cf
2022-12-18 18:12:06,582 INFO org.springframework.boot.web.embedded.tomcat.TomcatWebServer [restartedMain] Tomcat initialized with port(s): 0 (http)
2022-12-18 18:12:06,583 INFO org.apache.juli.logging.DirectJDKLog [restartedMain] Starting service [Tomcat]
2022-12-18 18:12:06,584 INFO org.apache.juli.logging.DirectJDKLog [restartedMain] Starting Servlet engine: [Apache Tomcat/9.0.69]
2022-12-18 18:12:06,600 INFO org.apache.juli.logging.DirectJDKLog [restartedMain] Initializing Spring embedded WebApplicationContext
2022-12-18 18:12:06,600 INFO org.springframework.boot.web.servlet.context.ServletWebServerApplicationContext [restartedMain] Root WebApplicationContext: initialization completed in 1027 ms
2022-12-18 18:12:08,310 INFO org.springframework.cloud.commons.util.InetUtils [restartedMain] Cannot determine local hostname
2022-12-18 18:12:08,500 INFO org.hibernate.jpa.internal.util.LogHelper [restartedMain] HHH000204: Processing PersistenceUnitInfo [name: default]
2022-12-18 18:12:08,506 INFO com.zaxxer.hikari.HikariDataSource [restartedMain] HikariPool-4 - Starting...
2022-12-18 18:12:08,513 INFO com.zaxxer.hikari.HikariDataSource [restartedMain] HikariPool-4 - Start completed.
2022-12-18 18:12:08,513 INFO org.hibernate.dialect.Dialect [restartedMain] HHH000400: Using dialect: org.hibernate.dialect.MariaDB106Dialect
2022-12-18 18:12:08,590 INFO org.hibernate.engine.transaction.jta.platform.internal.JtaPlatformInitiator [restartedMain] HHH000490: Using JtaPlatform implementation: [org.hibernate.engine.transaction.jta.platform.internal.NoJtaPlatform]
2022-12-18 18:12:08,591 INFO org.springframework.orm.jpa.AbstractEntityManagerFactoryBean [restartedMain] Initialized JPA EntityManagerFactory for persistence unit 'default'
2022-12-18 18:12:08,808 WARN org.springframework.boot.autoconfigure.orm.jpa.JpaBaseConfiguration$JpaWebConfiguration [restartedMain] spring.jpa.open-in-view is enabled by default. Therefore, database queries may be performed during view rendering. Explicitly configure spring.jpa.open-in-view to disable this warning
2022-12-18 18:12:08,867 INFO org.springframework.boot.devtools.autoconfigure.OptionalLiveReloadServer [restartedMain] LiveReload server is running on port 35729
2022-12-18 18:12:08,901 INFO org.springframework.cloud.openfeign.FeignClientFactoryBean [restartedMain] For 'clinica-ms' URL not provided. Will try picking an instance via load-balancing.
2022-12-18 18:12:10,761 INFO org.springframework.cloud.commons.util.InetUtils [restartedMain] Cannot determine local hostname
2022-12-18 18:12:10,781 INFO org.springframework.cloud.netflix.eureka.config.DiscoveryClientOptionalArgsConfiguration [restartedMain] Eureka HTTP Client uses RestTemplate.
2022-12-18 18:12:10,948 WARN org.springframework.cloud.loadbalancer.config.LoadBalancerCacheAutoConfiguration$LoadBalancerCaffeineWarnLogger [restartedMain] Spring Cloud LoadBalancer is currently working with the default cache. While this cache implementation is useful for development and tests, it's recommended to use Caffeine cache in production.You can switch to using Caffeine cache, by adding it and org.springframework.cache.caffeine.CaffeineCacheManager to the classpath.
2022-12-18 18:12:11,010 INFO org.springframework.boot.actuate.endpoint.web.EndpointLinksResolver [restartedMain] Exposing 1 endpoint(s) beneath base path '/actuator'
2022-12-18 18:12:11,054 INFO org.springframework.boot.web.embedded.tomcat.TomcatWebServer [restartedMain] Tomcat started on port(s): 37915 (http) with context path ''
2022-12-18 18:12:11,054 INFO org.springframework.cloud.netflix.eureka.serviceregistry.EurekaAutoServiceRegistration [restartedMain] Updating port to 37915
2022-12-18 18:12:11,056 INFO org.springframework.cloud.netflix.eureka.InstanceInfoFactory [restartedMain] Setting initial instance status as: STARTING
2022-12-18 18:12:11,061 INFO com.netflix.discovery.DiscoveryClient [restartedMain] Initializing Eureka in region us-east-1
2022-12-18 18:12:11,062 INFO com.netflix.discovery.shared.resolver.aws.ConfigClusterResolver [restartedMain] Resolving eureka endpoints via configuration
2022-12-18 18:12:11,066 INFO com.netflix.discovery.DiscoveryClient [restartedMain] Disable delta property : false
2022-12-18 18:12:11,066 INFO com.netflix.discovery.DiscoveryClient [restartedMain] Single vip registry refresh property : null
2022-12-18 18:12:11,068 INFO com.netflix.discovery.DiscoveryClient [restartedMain] Force full registry fetch : false
2022-12-18 18:12:11,069 INFO com.netflix.discovery.DiscoveryClient [restartedMain] Application is null : false
2022-12-18 18:12:11,070 INFO com.netflix.discovery.DiscoveryClient [restartedMain] Registered Applications size is zero : true
2022-12-18 18:12:11,070 INFO com.netflix.discovery.DiscoveryClient [restartedMain] Application version is -1: true
2022-12-18 18:12:11,071 INFO com.netflix.discovery.DiscoveryClient [restartedMain] Getting all instance registry info from the eureka server
2022-12-18 18:12:11,106 INFO com.netflix.discovery.DiscoveryClient [restartedMain] The response status is 200
2022-12-18 18:12:11,109 INFO com.netflix.discovery.DiscoveryClient [restartedMain] Starting heartbeat executor: renew interval is: 30
2022-12-18 18:12:11,111 INFO com.netflix.discovery.InstanceInfoReplicator [restartedMain] InstanceInfoReplicator onDemand update allowed rate per min is 4
2022-12-18 18:12:11,116 INFO com.netflix.discovery.DiscoveryClient [restartedMain] Discovery Client initialized at timestamp 1671397931116 with initial instances count: 2
2022-12-18 18:12:11,121 INFO org.springframework.cloud.netflix.eureka.serviceregistry.EurekaServiceRegistry [restartedMain] Registering application AGENDAMENTO-MS with eureka with status UP
2022-12-18 18:12:11,122 INFO com.netflix.discovery.DiscoveryClient$3 [restartedMain] Saw local status change event StatusChangeEvent [timestamp=1671397931122, current=UP, previous=STARTING]
2022-12-18 18:12:11,123 INFO com.netflix.discovery.DiscoveryClient [DiscoveryClient-InstanceInfoReplicator-0] DiscoveryClient_AGENDAMENTO-MS/agendamento-ms:1245218033: registering service...
2022-12-18 18:12:11,179 INFO com.netflix.discovery.DiscoveryClient [DiscoveryClient-InstanceInfoReplicator-0] DiscoveryClient_AGENDAMENTO-MS/agendamento-ms:1245218033 - registration status: 204
2022-12-18 18:12:12,127 INFO org.springframework.cloud.commons.util.InetUtils [restartedMain] Cannot determine local hostname
2022-12-18 18:12:12,141 INFO org.springframework.boot.StartupInfoLogger [restartedMain] Started AgendamentoApplication in 7.632 seconds (JVM running for 565.095)
2022-12-18 18:12:12,151 INFO org.springframework.boot.devtools.autoconfigure.ConditionEvaluationDeltaLoggingListener [restartedMain] Condition evaluation unchanged
2022-12-18 18:12:52,954 INFO org.apache.juli.logging.DirectJDKLog [http-nio-auto-4-exec-1] Initializing Spring DispatcherServlet 'dispatcherServlet'
2022-12-18 18:12:52,954 INFO org.springframework.web.servlet.FrameworkServlet [http-nio-auto-4-exec-1] Initializing Servlet 'dispatcherServlet'
2022-12-18 18:12:52,954 DEBUG org.springframework.web.servlet.DispatcherServlet [http-nio-auto-4-exec-1] Detected StandardServletMultipartResolver
2022-12-18 18:12:52,954 DEBUG org.springframework.web.servlet.DispatcherServlet [http-nio-auto-4-exec-1] Detected AcceptHeaderLocaleResolver
2022-12-18 18:12:52,955 DEBUG org.springframework.web.servlet.DispatcherServlet [http-nio-auto-4-exec-1] Detected FixedThemeResolver
2022-12-18 18:12:52,957 DEBUG org.springframework.web.servlet.DispatcherServlet [http-nio-auto-4-exec-1] Detected org.springframework.web.servlet.view.DefaultRequestToViewNameTranslator@3c32fd08
2022-12-18 18:12:52,958 DEBUG org.springframework.web.servlet.DispatcherServlet [http-nio-auto-4-exec-1] Detected org.springframework.web.servlet.support.SessionFlashMapManager@724d3475
2022-12-18 18:12:52,958 DEBUG org.springframework.web.servlet.FrameworkServlet [http-nio-auto-4-exec-1] enableLoggingRequestDetails='false': request parameters and headers will be masked to prevent unsafe logging of potentially sensitive data
2022-12-18 18:12:52,959 INFO org.springframework.web.servlet.FrameworkServlet [http-nio-auto-4-exec-1] Completed initialization in 5 ms
2022-12-18 18:12:52,959 DEBUG org.springframework.core.log.LogFormatUtils [http-nio-auto-4-exec-1] GET "/paciente/", parameters={}
2022-12-18 18:12:52,963 DEBUG br.com.agenciaapp.agendamento.controller.PacienteController [http-nio-auto-4-exec-1] obter Pacientes
2022-12-18 18:12:52,998 DEBUG org.springframework.web.servlet.FrameworkServlet [http-nio-auto-4-exec-1] Completed 200 OK
2022-12-18 18:12:53,515 DEBUG org.springframework.core.log.LogFormatUtils [http-nio-auto-4-exec-2] GET "/paciente/", parameters={}
2022-12-18 18:12:53,516 DEBUG br.com.agenciaapp.agendamento.controller.PacienteController [http-nio-auto-4-exec-2] obter Pacientes
2022-12-18 18:12:53,528 DEBUG org.springframework.web.servlet.FrameworkServlet [http-nio-auto-4-exec-2] Completed 200 OK
2022-12-18 18:13:28,219 INFO org.springframework.boot.devtools.autoconfigure.LocalDevToolsAutoConfiguration$RestartingClassPathChangeChangedEventListener [File Watcher] Restarting due to 1 class path change (0 additions, 1 deletion, 0 modifications)
2022-12-18 18:13:28,221 INFO org.springframework.cloud.netflix.eureka.serviceregistry.EurekaServiceRegistry [Thread-27] Unregistering application AGENDAMENTO-MS with eureka with status DOWN
2022-12-18 18:13:28,222 INFO com.netflix.discovery.DiscoveryClient$3 [Thread-27] Saw local status change event StatusChangeEvent [timestamp=1671398008222, current=DOWN, previous=UP]
2022-12-18 18:13:28,222 INFO com.netflix.discovery.DiscoveryClient [DiscoveryClient-InstanceInfoReplicator-0] DiscoveryClient_AGENDAMENTO-MS/agendamento-ms:1245218033: registering service...
2022-12-18 18:13:28,229 INFO org.apache.juli.logging.DirectJDKLog [Thread-27] Stopping service [Tomcat]
2022-12-18 18:13:28,231 INFO org.apache.juli.logging.DirectJDKLog [Thread-27] Destroying Spring FrameworkServlet 'dispatcherServlet'
2022-12-18 18:13:28,242 INFO com.netflix.discovery.DiscoveryClient [DiscoveryClient-InstanceInfoReplicator-0] DiscoveryClient_AGENDAMENTO-MS/agendamento-ms:1245218033 - registration status: 204
2022-12-18 18:13:28,243 WARN org.apache.juli.logging.DirectJDKLog [Thread-27] The web application [ROOT] appears to have started a thread named [pool-25-thread-1] but has failed to stop it. This is very likely to create a memory leak. Stack trace of thread:
 java.base@11.0.16/jdk.internal.misc.Unsafe.park(Native Method)
 java.base@11.0.16/java.util.concurrent.locks.LockSupport.park(LockSupport.java:194)
 java.base@11.0.16/java.util.concurrent.locks.AbstractQueuedSynchronizer$ConditionObject.await(AbstractQueuedSynchronizer.java:2081)
 java.base@11.0.16/java.util.concurrent.LinkedBlockingQueue.take(LinkedBlockingQueue.java:433)
 java.base@11.0.16/java.util.concurrent.ThreadPoolExecutor.getTask(ThreadPoolExecutor.java:1054)
 java.base@11.0.16/java.util.concurrent.ThreadPoolExecutor.runWorker(ThreadPoolExecutor.java:1114)
 java.base@11.0.16/java.util.concurrent.ThreadPoolExecutor$Worker.run(ThreadPoolExecutor.java:628)
 java.base@11.0.16/java.lang.Thread.run(Thread.java:829)
2022-12-18 18:13:28,247 WARN org.apache.juli.logging.DirectJDKLog [Thread-27] The web application [ROOT] appears to have started a thread named [spring.cloud.inetutils] but has failed to stop it. This is very likely to create a memory leak. Stack trace of thread:
 java.base@11.0.16/jdk.internal.misc.Unsafe.park(Native Method)
 java.base@11.0.16/java.util.concurrent.locks.LockSupport.park(LockSupport.java:194)
 java.base@11.0.16/java.util.concurrent.locks.AbstractQueuedSynchronizer$ConditionObject.await(AbstractQueuedSynchronizer.java:2081)
 java.base@11.0.16/java.util.concurrent.LinkedBlockingQueue.take(LinkedBlockingQueue.java:433)
 java.base@11.0.16/java.util.concurrent.ThreadPoolExecutor.getTask(ThreadPoolExecutor.java:1054)
 java.base@11.0.16/java.util.concurrent.ThreadPoolExecutor.runWorker(ThreadPoolExecutor.java:1114)
 java.base@11.0.16/java.util.concurrent.ThreadPoolExecutor$Worker.run(ThreadPoolExecutor.java:628)
 java.base@11.0.16/java.lang.Thread.run(Thread.java:829)
2022-12-18 18:13:28,296 INFO org.springframework.orm.jpa.AbstractEntityManagerFactoryBean [Thread-27] Closing JPA EntityManagerFactory for persistence unit 'default'
2022-12-18 18:13:29,021 INFO com.zaxxer.hikari.HikariDataSource [Thread-27] HikariPool-4 - Shutdown initiated...
2022-12-18 18:13:29,029 INFO com.zaxxer.hikari.HikariDataSource [Thread-27] HikariPool-4 - Shutdown completed.
2022-12-18 18:13:29,030 INFO com.netflix.discovery.DiscoveryClient [Thread-27] Shutting down DiscoveryClient ...
2022-12-18 18:13:32,032 INFO com.netflix.discovery.DiscoveryClient [Thread-27] Unregistering ...
2022-12-18 18:13:32,038 INFO com.netflix.discovery.DiscoveryClient [Thread-27] DiscoveryClient_AGENDAMENTO-MS/agendamento-ms:1245218033 - deregister  status: 200
2022-12-18 18:13:32,050 INFO com.netflix.discovery.DiscoveryClient [Thread-27] Completed shut down of DiscoveryClient
